# JRE version: OpenJDK Runtime Environment Temurin-21.0.4+7 (21.0.4+7) (build 21.0.4+7-LTS)
# Java VM: OpenJDK 64-Bit Server VM Temurin-21.0.4+7 (21.0.4+7-LTS, mixed mode, sharing, tiered, compressed oops, compressed class ptrs, g1 gc, windows-amd64)
GC Precious Log:
 CardTable entry size: 512
 Card Set container configuration: InlinePtr #cards 4 size 8 Array Of Cards #cards 32 size 80 Howl #buckets 8 coarsen threshold 7372 Howl Bitmap #cards 1024 size 144 coarsen threshold 921 Card regions per heap region 1 cards per card region 8192
 CPUs: 20 total, 20 available
 Memory: 32581M
 Large Page Support: Disabled
 NUMA Support: Disabled
 Compressed Oops: Enabled (Zero based)
 Heap Region Size: 4M
 Heap Min Capacity: 8M
 Heap Initial Capacity: 512M
 Heap Max Capacity: 8148M
 Pre-touch: Disabled
 Parallel Workers: 15
 Concurrent Workers: 4
 Concurrent Refinement Workers: 15
 Periodic GC: Disabled
Heap:
 garbage-first heap   total 151552K, used 63351K [0x0000000602c00000, 0x0000000800000000)
  region size 4096K, 5 young (20480K), 0 survivors (0K)
 Metaspace       used 11195K, committed 11456K, reserved 1114112K
  class space    used 1071K, committed 1216K, reserved 1048576K
GC Heap History (14 events):
Event: 1.654 GC heap before
{Heap before GC invocations=0 (full 0):
 garbage-first heap   total 524288K, used 20480K [0x0000000602c00000, 0x0000000800000000)
  region size 4096K, 6 young (24576K), 0 survivors (0K)
 Metaspace       used 9324K, committed 9600K, reserved 1114112K
  class space    used 903K, committed 1024K, reserved 1048576K
}
Event: 1.658 GC heap after
{Heap after GC invocations=1 (full 0):
 garbage-first heap   total 524288K, used 5090K [0x0000000602c00000, 0x0000000800000000)
  region size 4096K, 1 young (4096K), 1 survivors (4096K)
 Metaspace       used 9324K, committed 9600K, reserved 1114112K
  class space    used 903K, committed 1024K, reserved 1048576K
}
Event: 1.659 GC heap before
{Heap before GC invocations=1 (full 0):
 garbage-first heap   total 524288K, used 5090K [0x0000000602c00000, 0x0000000800000000)
  region size 4096K, 2 young (8192K), 1 survivors (4096K)
 Metaspace       used 9332K, committed 9600K, reserved 1114112K
  class space    used 904K, committed 1024K, reserved 1048576K
}
Event: 1.665 GC heap after
{Heap after GC invocations=2 (full 1):
 garbage-first heap   total 28672K, used 5003K [0x0000000602c00000, 0x0000000800000000)
  region size 4096K, 0 young (0K), 0 survivors (0K)
 Metaspace       used 9332K, committed 9600K, reserved 1114112K
  class space    used 904K, committed 1024K, reserved 1048576K
}
Event: 1.724 GC heap before
{Heap before GC invocations=2 (full 1):
 garbage-first heap   total 28672K, used 13195K [0x0000000602c00000, 0x0000000800000000)
  region size 4096K, 1 young (4096K), 0 survivors (0K)
 Metaspace       used 9624K, committed 9920K, reserved 1114112K
  class space    used 938K, committed 1088K, reserved 1048576K
}
Event: 1.725 GC heap after
{Heap after GC invocations=3 (full 1):
 garbage-first heap   total 28672K, used 9436K [0x0000000602c00000, 0x0000000800000000)
  region size 4096K, 1 young (4096K), 1 survivors (4096K)
 Metaspace       used 9624K, committed 9920K, reserved 1114112K
  class space    used 938K, committed 1088K, reserved 1048576K
}
Event: 1.741 GC heap before
{Heap before GC invocations=3 (full 1):
 garbage-first heap   total 28672K, used 9436K [0x0000000602c00000, 0x0000000800000000)
  region size 4096K, 2 young (8192K), 1 survivors (4096K)
 Metaspace       used 9626K, committed 9920K, reserved 1114112K
  class space    used 938K, committed 1088K, reserved 1048576K
}
Event: 1.741 GC heap after
{Heap after GC invocations=4 (full 1):
 garbage-first heap   total 28672K, used 9240K [0x0000000602c00000, 0x0000000800000000)
  region size 4096K, 1 young (4096K), 1 survivors (4096K)
 Metaspace       used 9626K, committed 9920K, reserved 1114112K
  class space    used 938K, committed 1088K, reserved 1048576K
}
Event: 1.756 GC heap before
{Heap before GC invocations=4 (full 1):
 garbage-first heap   total 28672K, used 13336K [0x0000000602c00000, 0x0000000800000000)
  region size 4096K, 2 young (8192K), 1 survivors (4096K)
 Metaspace       used 9627K, committed 9920K, reserved 1114112K
  class space    used 938K, committed 1088K, reserved 1048576K
}
Event: 1.757 GC heap after
{Heap after GC invocations=5 (full 1):
 garbage-first heap   total 28672K, used 9192K [0x0000000602c00000, 0x0000000800000000)
  region size 4096K, 1 young (4096K), 1 survivors (4096K)
 Metaspace       used 9627K, committed 9920K, reserved 1114112K
  class space    used 938K, committed 1088K, reserved 1048576K
}
Event: 1.788 GC heap before
{Heap before GC invocations=5 (full 1):
 garbage-first heap   total 28672K, used 17384K [0x0000000602c00000, 0x0000000800000000)
  region size 4096K, 3 young (12288K), 1 survivors (4096K)
 Metaspace       used 9627K, committed 9920K, reserved 1114112K
  class space    used 938K, committed 1088K, reserved 1048576K
}
Event: 1.789 GC heap after
{Heap after GC invocations=6 (full 1):
 garbage-first heap   total 278528K, used 9186K [0x0000000602c00000, 0x0000000800000000)
  region size 4096K, 1 young (4096K), 1 survivors (4096K)
 Metaspace       used 9627K, committed 9920K, reserved 1114112K
  class space    used 938K, committed 1088K, reserved 1048576K
}
Event: 1.979 GC heap before
{Heap before GC invocations=6 (full 1):
 garbage-first heap   total 278528K, used 58338K [0x0000000602c00000, 0x0000000800000000)
  region size 4096K, 6 young (24576K), 1 survivors (4096K)
 Metaspace       used 11081K, committed 11328K, reserved 1114112K
  class space    used 1066K, committed 1216K, reserved 1048576K
}
Event: 1.983 GC heap after
{Heap after GC invocations=7 (full 2):
 garbage-first heap   total 151552K, used 30583K [0x0000000602c00000, 0x0000000800000000)
  region size 4096K, 0 young (0K), 0 survivors (0K)
 Metaspace       used 11081K, committed 11328K, reserved 1114112K
  class space    used 1066K, committed 1216K, reserved 1048576K
}

